Determining if the pthread_create exist failed with the following output:
Change Dir: /home/opencv_cpu/build/CMakeFiles/CMakeTmp

Run Build Command:"/usr/bin/make" "cmTC_61cbf/fast"
/usr/bin/make -f CMakeFiles/cmTC_61cbf.dir/build.make CMakeFiles/cmTC_61cbf.dir/build
make[1]: Entering directory '/home/opencv_cpu/build/CMakeFiles/CMakeTmp'
Building CXX object CMakeFiles/cmTC_61cbf.dir/CheckSymbolExists.cxx.o
/usr/bin/c++     -o CMakeFiles/cmTC_61cbf.dir/CheckSymbolExists.cxx.o -c /home/opencv_cpu/build/CMakeFiles/CMakeTmp/CheckSymbolExists.cxx
Linking CXX executable cmTC_61cbf
/usr/bin/cmake -E cmake_link_script CMakeFiles/cmTC_61cbf.dir/link.txt --verbose=1
/usr/bin/c++       CMakeFiles/cmTC_61cbf.dir/CheckSymbolExists.cxx.o  -o cmTC_61cbf 
CMakeFiles/cmTC_61cbf.dir/CheckSymbolExists.cxx.o: In function `main':
CheckSymbolExists.cxx:(.text+0x1b): undefined reference to `pthread_create'
collect2: error: ld returned 1 exit status
CMakeFiles/cmTC_61cbf.dir/build.make:97: recipe for target 'cmTC_61cbf' failed
make[1]: *** [cmTC_61cbf] Error 1
make[1]: Leaving directory '/home/opencv_cpu/build/CMakeFiles/CMakeTmp'
Makefile:126: recipe for target 'cmTC_61cbf/fast' failed
make: *** [cmTC_61cbf/fast] Error 2

File /home/opencv_cpu/build/CMakeFiles/CMakeTmp/CheckSymbolExists.cxx:
/* */
#include <pthread.h>

int main(int argc, char** argv)
{
  (void)argv;
#ifndef pthread_create
  return ((int*)(&pthread_create))[argc];
#else
  (void)argc;
  return 0;
#endif
}

Determining if the function pthread_create exists in the pthreads failed with the following output:
Change Dir: /home/opencv_cpu/build/CMakeFiles/CMakeTmp

Run Build Command:"/usr/bin/make" "cmTC_85953/fast"
/usr/bin/make -f CMakeFiles/cmTC_85953.dir/build.make CMakeFiles/cmTC_85953.dir/build
make[1]: Entering directory '/home/opencv_cpu/build/CMakeFiles/CMakeTmp'
Building CXX object CMakeFiles/cmTC_85953.dir/CheckFunctionExists.cxx.o
/usr/bin/c++    -DCHECK_FUNCTION_EXISTS=pthread_create   -o CMakeFiles/cmTC_85953.dir/CheckFunctionExists.cxx.o -c /home/opencv_cpu/build/CMakeFiles/CheckLibraryExists/CheckFunctionExists.cxx
Linking CXX executable cmTC_85953
/usr/bin/cmake -E cmake_link_script CMakeFiles/cmTC_85953.dir/link.txt --verbose=1
/usr/bin/c++   -DCHECK_FUNCTION_EXISTS=pthread_create    CMakeFiles/cmTC_85953.dir/CheckFunctionExists.cxx.o  -o cmTC_85953 -lpthreads 
/usr/bin/ld: cannot find -lpthreads
collect2: error: ld returned 1 exit status
CMakeFiles/cmTC_85953.dir/build.make:97: recipe for target 'cmTC_85953' failed
make[1]: *** [cmTC_85953] Error 1
make[1]: Leaving directory '/home/opencv_cpu/build/CMakeFiles/CMakeTmp'
Makefile:126: recipe for target 'cmTC_85953/fast' failed
make: *** [cmTC_85953/fast] Error 2


